<?xml version="1.0" encoding="UTF-8"?>
<!-- Generated by org.testng.reporters.JUnitReportReporter -->
<testsuite hostname="LAPTOP-RMAM58HG" failures="0" tests="1" name="runner.TestRunner" time="6.193" errors="0" timestamp="2024-06-22T12:14:41 IST" skipped="0">
  <testcase classname="runner.TestRunner" name="runScenario" time="6.193"/>
  <system-out/>
</testsuite> <!-- runner.TestRunner -->
